<?xml version="1.0" encoding="UTF-8"?>
<!-- Generated by org.testng.reporters.JUnitXMLReporter -->
<testsuite ignored="0" hostname="DESKTOP-E55T83O" failures="1" tests="2" name="Test" time="30.726" errors="0" timestamp="2024-09-06T11:53:57 IST">
  <testcase classname="Testclass.TC_001_AccountRegistrationTest" name="verify_account_registration" time="8.674">
    <failure type="java.lang.AssertionError" message="expected [Your Account Has Been Created!!!] but found [Your Account Has Been Created!]">
      <![CDATA[java.lang.AssertionError: expected [Your Account Has Been Created!!!] but found [Your Account Has Been Created!]
at Testclass.TC_001_AccountRegistrationTest.verify_account_registration(TC_001_AccountRegistrationTest.java:42)
at java.base/java.util.ArrayList.forEach(ArrayList.java:1511)
... Removed 33 stack frames]]>
    </failure>
  </testcase> <!-- verify_account_registration -->
  <testcase classname="Testclass.TC_002_LoginPageTest" name="verify_Login" time="3.478"/>
</testsuite> <!-- Test -->
